{
  "RSpec": {
    "coverage": {
      "/home/alexktf/ruby/IdeesBebe/app/controllers/products_controller.rb": [
        1,
        null,
        1,
        1,
        null,
        1,
        null,
        null,
        1,
        null,
        null,
        null,
        1,
        0,
        null,
        null,
        null,
        1,
        null,
        null,
        null,
        1,
        0,
        0,
        null,
        0,
        0,
        0,
        0,
        0,
        null,
        0,
        null,
        null,
        null,
        null,
        1,
        0,
        0,
        null,
        0,
        null,
        null,
        null,
        null,
        1,
        0,
        0,
        null,
        null,
        1,
        null,
        1,
        0,
        0,
        0,
        0,
        null,
        0,
        null,
        null,
        null,
        1,
        0,
        null,
        null
      ],
      "/home/alexktf/ruby/IdeesBebe/app/controllers/application_controller.rb": [
        1,
        null,
        null,
        null,
        1,
        null,
        1,
        null,
        null,
        1,
        1,
        null,
        null,
        1,
        null,
        1,
        0,
        0,
        null,
        null,
        1,
        0,
        null,
        null,
        1,
        0,
        0,
        null,
        null,
        1,
        0,
        0,
        null,
        null
      ],
      "/home/alexktf/ruby/IdeesBebe/spec/controllers/profiles_controller_spec.rb": [
        1,
        null,
        1,
        1,
        1,
        null,
        1,
        null,
        1,
        null,
        1,
        1,
        0,
        0,
        0,
        null,
        null,
        1,
        0,
        0,
        0,
        null,
        null,
        null,
        1,
        1,
        0,
        0,
        0,
        null,
        null,
        1,
        0,
        0,
        0,
        null,
        null,
        null,
        null,
        null,
        1,
        null,
        1,
        1,
        0,
        0,
        0,
        null,
        null,
        null,
        1,
        1,
        0,
        0,
        null,
        null,
        null,
        null,
        1,
        null,
        1,
        1,
        0,
        0,
        0,
        0,
        null,
        null,
        1,
        0,
        0,
        0,
        0,
        null,
        null,
        null,
        1,
        1,
        0,
        0,
        0,
        null,
        null,
        null,
        null,
        null,
        1,
        null,
        1,
        1,
        0,
        0,
        null,
        null,
        null,
        1,
        1,
        0,
        0,
        null,
        null,
        null,
        null
      ],
      "/home/alexktf/ruby/IdeesBebe/app/controllers/profiles_controller.rb": [
        1,
        null,
        1,
        1,
        null,
        null,
        null,
        1,
        null,
        null,
        null,
        1,
        null,
        null,
        null,
        1,
        0,
        0,
        0,
        0,
        null,
        0,
        null,
        null,
        null,
        null,
        1,
        0,
        0,
        null,
        null,
        1,
        null,
        1,
        0,
        0,
        null,
        null,
        1,
        0,
        null,
        null
      ],
      "/home/alexktf/ruby/IdeesBebe/spec/features/user_registration_spec.rb": [
        1,
        null,
        1,
        null,
        1,
        null,
        1,
        0,
        null,
        0,
        0,
        0,
        0,
        0,
        null,
        0,
        0,
        null,
        null,
        null,
        1,
        null,
        1,
        0,
        null,
        0,
        0,
        0,
        0,
        0,
        null,
        0,
        null,
        0,
        null,
        null,
        1,
        0,
        null,
        0,
        0,
        0,
        0,
        0,
        null,
        0,
        null,
        0,
        null,
        null,
        null
      ],
      "/home/alexktf/ruby/IdeesBebe/spec/features/user_sign_in_spec.rb": [
        1,
        null,
        1,
        null,
        1,
        1,
        0,
        null,
        null,
        null,
        0,
        null,
        0,
        0,
        null,
        0,
        null,
        0,
        null,
        null,
        1,
        0,
        null,
        null,
        null,
        0,
        null,
        0,
        0,
        null,
        0,
        null,
        0,
        null,
        null,
        null
      ],
      "/home/alexktf/ruby/IdeesBebe/spec/models/asset_spec.rb": [
        1,
        null,
        1,
        null,
        1,
        1,
        null,
        1,
        2,
        2,
        2,
        null,
        null,
        1,
        2,
        2,
        null,
        null,
        1,
        1,
        1,
        null,
        null,
        null,
        1,
        1,
        1,
        null,
        null,
        null,
        null
      ],
      "/home/alexktf/ruby/IdeesBebe/app/models/asset.rb": [
        1,
        1,
        null,
        1,
        null,
        null
      ],
      "/home/alexktf/ruby/IdeesBebe/app/uploaders/photo_uploader.rb": [
        null,
        null,
        1,
        null,
        null,
        null,
        1,
        null,
        null,
        null,
        null,
        null,
        null,
        1,
        null,
        null,
        null,
        null,
        1,
        4,
        null,
        null,
        1,
        8,
        null,
        null,
        null,
        1,
        0,
        null,
        null,
        1,
        4,
        null,
        null,
        1,
        null,
        1,
        1,
        null,
        null,
        null,
        null,
        1,
        8,
        null,
        null,
        null,
        null,
        null,
        null,
        null,
        null,
        1,
        1,
        4,
        4,
        null,
        null
      ],
      "/home/alexktf/ruby/IdeesBebe/spec/models/concerns/slugable_spec.rb": [
        1,
        null,
        1,
        2,
        0,
        null,
        null
      ],
      "/home/alexktf/ruby/IdeesBebe/spec/models/product_spec.rb": [
        1,
        null,
        1,
        1,
        1,
        null,
        null,
        1,
        1,
        0,
        null,
        null,
        1,
        0,
        null,
        null,
        1,
        0,
        null,
        null,
        null
      ],
      "/home/alexktf/ruby/IdeesBebe/app/models/product.rb": [
        1,
        1,
        1,
        null,
        1,
        null,
        1,
        1,
        1,
        null
      ],
      "/home/alexktf/ruby/IdeesBebe/spec/models/profile_spec.rb": [
        1,
        1,
        null,
        1,
        null,
        1,
        1,
        null,
        1,
        0,
        0,
        0,
        null,
        null,
        1,
        0,
        0,
        null,
        null,
        1,
        1,
        0,
        null,
        null,
        null,
        1,
        1,
        0,
        null,
        null,
        null,
        null
      ],
      "/home/alexktf/ruby/IdeesBebe/app/models/profile.rb": [
        1,
        null,
        1,
        null,
        1,
        null,
        1,
        null,
        null
      ],
      "/home/alexktf/ruby/IdeesBebe/app/uploaders/avatar_uploader.rb": [
        null,
        1,
        null,
        null,
        null,
        1,
        null,
        null,
        null,
        null,
        null,
        null,
        1,
        null,
        null,
        null,
        null,
        1,
        0,
        null,
        null,
        1,
        0,
        null,
        null,
        null,
        1,
        0,
        null,
        null,
        1,
        0,
        null,
        null,
        1,
        null,
        1,
        1,
        null,
        null,
        null,
        null,
        1,
        0,
        null,
        null,
        null,
        null,
        null,
        null,
        null,
        null,
        1,
        1,
        0,
        0,
        null,
        null
      ],
      "/home/alexktf/ruby/IdeesBebe/spec/models/user_spec.rb": [
        1,
        null,
        1,
        1,
        1,
        null,
        null
      ],
      "/home/alexktf/ruby/IdeesBebe/spec/routing/products_routing_spec.rb": [
        1,
        null,
        1,
        1,
        null,
        1,
        0,
        null,
        null,
        1,
        0,
        null,
        null,
        1,
        0,
        null,
        null,
        1,
        0,
        null,
        null,
        1,
        0,
        null,
        null,
        1,
        0,
        null,
        null,
        1,
        0,
        null,
        null,
        null,
        null
      ],
      "/home/alexktf/ruby/IdeesBebe/spec/routing/profiles_routing_spec.rb": [
        1,
        null,
        1,
        1,
        null,
        1,
        0,
        null,
        null,
        1,
        0,
        null,
        null,
        1,
        0,
        null,
        null,
        1,
        0,
        null,
        null,
        null,
        null
      ]
    },
    "timestamp": 1384622985
  },
  "Cucumber Features": {
    "coverage": {
      "/home/alexktf/ruby/IdeesBebe/spec/features/user_sign_in_spec.rb": [
        1,
        null,
        1,
        null,
        1,
        1,
        0,
        null,
        null,
        null,
        0,
        null,
        0,
        0,
        null,
        0,
        null,
        0,
        null,
        null,
        1,
        1,
        null,
        null,
        null,
        1,
        null,
        1,
        1,
        null,
        1,
        null,
        1,
        null,
        null,
        null
      ],
      "/home/alexktf/ruby/IdeesBebe/app/models/product.rb": [
        1,
        1,
        null,
        1,
        null,
        1,
        null
      ],
      "/home/alexktf/ruby/IdeesBebe/app/models/profile.rb": [
        1,
        1,
        null
      ],
      "/home/alexktf/ruby/IdeesBebe/app/controllers/application_controller.rb": [
        1,
        null,
        null,
        1,
        null,
        1,
        null,
        1,
        null,
        1,
        3,
        2,
        null,
        null
      ],
      "/home/alexktf/ruby/IdeesBebe/app/controllers/welcome_controller.rb": [
        1,
        1,
        null,
        null
      ]
    },
    "timestamp": 1384295132
  }
}
