{
  "RSpec": {
    "coverage": {
      "/home/alexktf/ruby/IdeesBebe/app/controllers/products_controller.rb": [
        1,
        1,
        1,
        null,
        null,
        1,
        null,
        null,
        null,
        1,
        0,
        null,
        null,
        null,
        1,
        null,
        null,
        null,
        null,
        1,
        0,
        0,
        null,
        0,
        0,
        0,
        0,
        null,
        0,
        0,
        null,
        null,
        null,
        null,
        null,
        null,
        1,
        0,
        0,
        0,
        0,
        null,
        0,
        0,
        null,
        null,
        null,
        null,
        null,
        null,
        1,
        0,
        0,
        0,
        0,
        null,
        null,
        null,
        1,
        1,
        0,
        null,
        null,
        null,
        1,
        0,
        0,
        null,
        null,
        null,
        1,
        0,
        null,
        null
      ],
      "/home/alexktf/ruby/IdeesBebe/app/controllers/application_controller.rb": [
        1,
        null,
        null,
        1,
        null,
        1,
        null,
        1,
        null,
        1,
        0,
        0,
        null,
        null
      ],
      "/home/alexktf/ruby/IdeesBebe/spec/controllers/welcome_controller_spec.rb": [
        1,
        null,
        1,
        null,
        1,
        1,
        0,
        0,
        null,
        null,
        null,
        null
      ],
      "/home/alexktf/ruby/IdeesBebe/app/controllers/welcome_controller.rb": [
        1,
        1,
        null,
        null
      ],
      "/home/alexktf/ruby/IdeesBebe/spec/helpers/products_helper_spec.rb": [
        1,
        null,
        null,
        null,
        null,
        null,
        null,
        null,
        null,
        null,
        null,
        null,
        1,
        1,
        null
      ],
      "/home/alexktf/ruby/IdeesBebe/spec/helpers/welcome_helper_spec.rb": [
        1,
        null,
        null,
        null,
        null,
        null,
        null,
        null,
        null,
        null,
        null,
        null,
        1,
        1,
        null
      ],
      "/home/alexktf/ruby/IdeesBebe/spec/models/product_spec.rb": [
        1,
        null,
        1,
        1,
        null
      ],
      "/home/alexktf/ruby/IdeesBebe/app/models/product.rb": [
        1,
        1,
        null
      ],
      "/home/alexktf/ruby/IdeesBebe/spec/models/user_spec.rb": [
        1,
        null,
        1,
        2,
        1,
        1,
        1,
        1,
        null,
        null,
        null
      ],
      "/home/alexktf/ruby/IdeesBebe/spec/requests/products_spec.rb": [
        1,
        null,
        1,
        1,
        1,
        null,
        0,
        0,
        null,
        null,
        null
      ],
      "/home/alexktf/ruby/IdeesBebe/spec/routing/products_routing_spec.rb": [
        1,
        null,
        1,
        1,
        null,
        1,
        0,
        null,
        null,
        1,
        0,
        null,
        null,
        1,
        0,
        null,
        null,
        1,
        0,
        null,
        null,
        1,
        0,
        null,
        null,
        1,
        0,
        null,
        null,
        1,
        0,
        null,
        null,
        null,
        null
      ],
      "/home/alexktf/ruby/IdeesBebe/spec/views/products/edit.html.haml_spec.rb": [
        1,
        null,
        1,
        1,
        0,
        null,
        null,
        null,
        null,
        null,
        null,
        1,
        0,
        null,
        null,
        0,
        0,
        0,
        0,
        null,
        null,
        null
      ],
      "/home/alexktf/ruby/IdeesBebe/spec/views/products/index.html.haml_spec.rb": [
        1,
        null,
        1,
        1,
        0,
        null,
        null,
        null,
        null,
        null,
        null,
        null,
        null,
        null,
        null,
        null,
        null,
        null,
        1,
        0,
        null,
        0,
        0,
        0,
        null,
        null
      ],
      "/home/alexktf/ruby/IdeesBebe/spec/views/products/new.html.haml_spec.rb": [
        1,
        null,
        1,
        1,
        0,
        null,
        null,
        null,
        null,
        null,
        null,
        1,
        0,
        null,
        null,
        0,
        0,
        0,
        0,
        null,
        null,
        null
      ],
      "/home/alexktf/ruby/IdeesBebe/spec/views/products/show.html.haml_spec.rb": [
        1,
        null,
        1,
        1,
        0,
        null,
        null,
        null,
        null,
        null,
        null,
        1,
        0,
        null,
        0,
        0,
        0,
        null,
        null
      ],
      "/home/alexktf/ruby/IdeesBebe/spec/views/welcome/index.html.erb_spec.rb": [
        1,
        null,
        1,
        1,
        null
      ],
      "/home/alexktf/ruby/IdeesBebe/app/models/profile.rb": [
        1,
        1,
        null
      ]
    },
    "timestamp": 1384096582
  }
}
