{
  "RSpec": {
    "coverage": {
      "/home/alexktf/ruby/IdeesBebe/app/controllers/profiles_controller.rb": [
        1,
        1,
        1,
        null,
        null,
        null,
        1,
        null,
        null,
        null,
        1,
        null,
        null,
        null,
        null,
        1,
        2,
        2,
        3,
        3,
        null,
        0,
        0,
        null,
        null,
        null,
        null,
        null,
        null,
        1,
        1,
        1,
        2,
        1,
        null,
        null,
        null,
        1,
        1,
        7,
        3,
        null,
        null,
        null,
        1,
        11,
        11,
        null,
        null,
        null,
        1,
        2,
        null,
        null
      ],
      "/home/alexktf/ruby/IdeesBebe/app/controllers/application_controller.rb": [
        1,
        null,
        null,
        1,
        null,
        1,
        null,
        1,
        null,
        1,
        0,
        0,
        null,
        null
      ],
      "/home/alexktf/ruby/IdeesBebe/spec/models/concerns/slugable_spec.rb": [
        1,
        null,
        1,
        2,
        2,
        null,
        null
      ],
      "/home/alexktf/ruby/IdeesBebe/spec/models/product_spec.rb": [
        1,
        null,
        1,
        1,
        2,
        null,
        null
      ],
      "/home/alexktf/ruby/IdeesBebe/app/models/product.rb": [
        1,
        1,
        null,
        1,
        null,
        1,
        null
      ],
      "/home/alexktf/ruby/IdeesBebe/spec/models/user_spec.rb": [
        1,
        null,
        1,
        1,
        2,
        null,
        null
      ],
      "/home/alexktf/ruby/IdeesBebe/spec/routing/profiles_routing_spec.rb": [
        1,
        null,
        1,
        1,
        null,
        1,
        1,
        null,
        null,
        1,
        1,
        null,
        null,
        1,
        1,
        null,
        null,
        1,
        1,
        null,
        null,
        null,
        null
      ],
      "/home/alexktf/ruby/IdeesBebe/app/models/profile.rb": [
        1,
        1,
        null
      ]
    },
    "timestamp": 1384285005
  }
}
